C:\iecode\data\common\gamedata\event\subtitle\es\Subtitle_ev73_00080.cfg.bin: Invalid cfg.bin footer magic.
C:\iecode\data\common\gamedata\event\subtitle\fr\Subtitle_ev73_00030.cfg.bin: Invalid cfg.bin footer magic.
C:\iecode\data\common\gamedata\map\z01_debug\test_charaadd.cfg.bin: Invalid cfg.bin footer magic.
C:\iecode\data\common\gamedata\map\z01_debug\general_win_check_01.cfg.bin: Invalid cfg.bin footer magic.
C:\iecode\data\common\gamedata\event\subtitle\es\Subtitle_ev90_00800.cfg.bin: Invalid cfg.bin footer magic.
C:\iecode\data\common\gamedata\event\subtitle\es\Subtitle_ev90_00900.cfg.bin: Invalid cfg.bin footer magic.
C:\iecode\data\common\gamedata\map\w01\special_move_test_npc001.cfg.bin: Invalid cfg.bin footer magic.
C:\iecode\data\common\gamedata\map\w01\special_move_test_npc041.cfg.bin: Invalid cfg.bin footer magic.
C:\iecode\data\common\gamedata\map\w10i002\npc3016_01.cfg.bin: Invalid cfg.bin footer magic.
C:\iecode\data\common\gamedata\map\z05_smn\sm003700_01.cfg.bin: Invalid cfg.bin footer magic.
C:\iecode\data\common\gamedata\map\z05_smn\sm012200_01.cfg.bin: Invalid cfg.bin footer magic.
C:\iecode\data\common\gamedata\map\z05_smn\sm018900_01.cfg.bin: Invalid cfg.bin footer magic.
C:\iecode\data\common\gamedata\event\subtitle\de\Subtitle_ev06_04600.cfg.bin: Invalid cfg.bin footer magic.
C:\iecode\data\common\gamedata\event\subtitle\fr\Subtitle_ev02_04300.cfg.bin: Invalid cfg.bin footer magic.
C:\iecode\data\common\gamedata\map\w10\npc_talk_00.cfg.bin: Invalid cfg.bin footer magic.
C:\iecode\data\common\gamedata\map\w10i004\test_ENDO_w10i004.cfg.bin: Invalid cfg.bin footer magic.
C:\iecode\data\common\gamedata\map\w11\test_talk_00.cfg.bin: Invalid cfg.bin footer magic.
C:\iecode\data\common\gamedata\map\z01_debug\quest_npc_00.cfg.bin: Invalid cfg.bin footer magic.
C:\iecode\data\common\gamedata\map\z06\npc09.cfg.bin: Invalid cfg.bin footer magic.
C:\iecode\data\common\gamedata\event\subtitle\zh_hans\Subtitle_ev04_04600.cfg.bin: Invalid cfg.bin footer magic.
C:\iecode\data\common\gamedata\map\w10\tgs_npc1019_01.cfg.bin: Invalid cfg.bin footer magic.
C:\iecode\data\common\gamedata\map\w10i000\npc2059_03.cfg.bin: Invalid cfg.bin footer magic.
C:\iecode\data\common\gamedata\map\w10i000\npc3034_04.cfg.bin: Invalid cfg.bin footer magic.
C:\iecode\data\common\gamedata\map\w10i000\npc3037_03.cfg.bin: Invalid cfg.bin footer magic.
C:\iecode\data\common\gamedata\map\w11\tgs_npc0019_01.cfg.bin: Invalid cfg.bin footer magic.
C:\iecode\data\common\gamedata\map\k01\vision2024_npc_0005_02.cfg.bin: Invalid cfg.bin footer magic.
C:\iecode\data\common\gamedata\map\w10\npc0047_01.cfg.bin: Invalid cfg.bin footer magic.
C:\iecode\data\common\gamedata\map\w10\sub_c11040050_01.cfg.bin: Invalid cfg.bin footer magic.
C:\iecode\data\common\gamedata\event\subtitle\es\Subtitle_ev01_00400.cfg.bin: Invalid cfg.bin footer magic.
C:\iecode\data\common\gamedata\map\d11_btl1\d11_btl1_layout_config.cfg.bin: Invalid cfg.bin footer magic.
C:\iecode\data\common\gamedata\map\w10\tgs_c11010020_01.cfg.bin: Invalid cfg.bin footer magic.
C:\iecode\data\common\gamedata\map\w10\w10\npc0100_01.cfg.bin: Invalid cfg.bin footer magic.
C:\iecode\data\common\gamedata\event\subtitle\en\Subtitle_ev07_00140.cfg.bin: Invalid cfg.bin footer magic.
C:\iecode\data\common\gamedata\map\w11\npc3027_01.cfg.bin: Invalid cfg.bin footer magic.
C:\iecode\data\common\gamedata\map\w11\qsb010700_01.cfg.bin: Invalid cfg.bin footer magic.
C:\iecode\data\common\gamedata\map\w10\npc0057_01.cfg.bin: Invalid cfg.bin footer magic.
C:\iecode\data\common\gamedata\map\w18\w18_encount_config_1.01.80.00.cfg.bin: Invalid cfg.bin footer magic.
C:\iecode\data\common\gamedata\map\w10\npc2053_06.cfg.bin: Invalid cfg.bin footer magic.
C:\iecode\data\common\gamedata\event\subtitle\es\Subtitle_ev09_03000.cfg.bin: Invalid cfg.bin footer magic.
C:\iecode\data\common\gamedata\quest\qsa000011_trigger_0.04.78.cfg.bin: Invalid cfg.bin footer magic.
C:\iecode\data\common\gamedata\map\w15\npc1010_02.cfg.bin: Invalid cfg.bin footer magic.
C:\iecode\data\common\gamedata\soccer\game\fbtl_cro01_050_010_trigger_0.04.78.cfg.bin: Invalid cfg.bin footer magic.
C:\iecode\data\common\gamedata\menu\cfg\play_guide_top_menu_setting.cfg.bin: Invalid cfg.bin footer magic.
C:\iecode\data\common\gamedata\map\w12\w12_oneplace_setting_1.01.94.cfg.bin: Invalid cfg.bin footer magic.
C:\iecode\data\common\gamedata\event\subtitle\de\Subtitle_ev01_01750.cfg.bin: Invalid cfg.bin footer magic.
C:\iecode\data\common\gamedata\event\subtitle\zh_hant\Subtitle_ev01_01750.cfg.bin: Invalid cfg.bin footer magic.
C:\iecode\data\common\gamedata\map\d06\d06_layout_config.cfg.bin: Invalid cfg.bin footer magic.
C:\iecode\data\common\gamedata\event\subtitle\zh_hans\Subtitle_ev01_01700.cfg.bin: Invalid cfg.bin footer magic.
C:\iecode\data\common\gamedata\map\z05_smn\z05_smn_npc_talk_0.00.00.cfg.bin: Invalid cfg.bin footer magic.
C:\iecode\data\common\gamedata\map\w10i000\w10i000_npc_setting_1.00.92.00.cfg.bin: Cannot allocate a buffer of size 2147486769.
C:\iecode\data\common\gamedata\map\w10\w10_npc_setting_1.00.92.00.cfg.bin: Cannot allocate a buffer of size 2147485322.
