c:\iecode\data\common\text\zh_hant\event\ev01_13500.cfg.bin: File is too small to be a valid cfg.bin
c:\iecode\data\common\text\zh_hant\event\ev01_13650.cfg.bin: File is too small to be a valid cfg.bin
c:\iecode\data\common\text\zh_hant\event\ev02_02800.cfg.bin: File is too small to be a valid cfg.bin
c:\iecode\data\common\text\zh_hant\event\ev02_02900.cfg.bin: File is too small to be a valid cfg.bin
c:\iecode\data\common\text\zh_hant\event\ev02_02930.cfg.bin: File is too small to be a valid cfg.bin
c:\iecode\data\common\text\zh_hant\event\ev02_02960.cfg.bin: File is too small to be a valid cfg.bin
c:\iecode\data\common\text\zh_hant\event\ev02_02980.cfg.bin: File is too small to be a valid cfg.bin
c:\iecode\data\common\text\zh_hant\event\ev02_03000.cfg.bin: File is too small to be a valid cfg.bin
c:\iecode\data\common\text\es\event\ev15_01800.cfg.bin: Invalid cfg.bin footer magic.
c:\iecode\data\common\text\pt\event\ev26_12210.cfg.bin: Invalid cfg.bin footer magic.
c:\iecode\data\common\text\zh_hans\event\ev05_00600.cfg.bin: Invalid cfg.bin footer magic.
c:\iecode\data\common\text\en\event\ev25_09212.cfg.bin: Invalid cfg.bin footer magic.
c:\iecode\data\common\text\de\event\ev15_00900.cfg.bin: Invalid cfg.bin footer magic.
c:\iecode\data\common\text\de\event\ev46_20800.cfg.bin: Invalid cfg.bin footer magic.
c:\iecode\data\common\text\es\event\ev17_00575.cfg.bin: Invalid cfg.bin footer magic.
c:\iecode\data\common\text\es\event\ev21_11300.cfg.bin: Invalid cfg.bin footer magic.
c:\iecode\data\common\text\es\event\ev23_20330.cfg.bin: Invalid cfg.bin footer magic.
c:\iecode\data\common\text\ja\event\ev01_13700.cfg.bin: Invalid cfg.bin footer magic.
c:\iecode\data\common\text\pt\event\ev17_01010.cfg.bin: Invalid cfg.bin footer magic.
c:\iecode\data\common\text\zh_hans\event\ev25_15300.cfg.bin: Invalid cfg.bin footer magic.
c:\iecode\data\common\text\zh_hans\map\s004_npc_text.cfg.bin: Invalid cfg.bin footer magic.
c:\iecode\data\common\text\de\event\ev17_00575.cfg.bin: Invalid cfg.bin footer magic.
c:\iecode\data\common\text\en\event\ev25_02232.cfg.bin: Invalid cfg.bin footer magic.
c:\iecode\data\common\text\es\event\ev17_00130.cfg.bin: Invalid cfg.bin footer magic.
c:\iecode\data\common\text\fr\event\ev03_02250.cfg.bin: Invalid cfg.bin footer magic.
c:\iecode\data\common\text\pt\event\ev00_00010.cfg.bin: Invalid cfg.bin footer magic.
c:\iecode\data\common\text\zh_hans\event\ev40_01130.cfg.bin: Invalid cfg.bin footer magic.
c:\iecode\data\common\text\zh_hans\event\ev73_00090.cfg.bin: Invalid cfg.bin footer magic.
c:\iecode\data\common\text\pt\event\ev09_01950.cfg.bin: Invalid cfg.bin footer magic.
c:\iecode\data\common\text\it\event\ev01_03100.cfg.bin: Invalid cfg.bin footer magic.
c:\iecode\data\common\text\fr\event\ev25_18215.cfg.bin: Invalid cfg.bin footer magic.
c:\iecode\data\common\text\fr\event\ev40_05070.cfg.bin: Invalid cfg.bin footer magic.
c:\iecode\data\common\text\pt\event\ev25_25300.cfg.bin: Invalid cfg.bin footer magic.
c:\iecode\data\common\text\zh_hans\event\ev22_10320.cfg.bin: Invalid cfg.bin footer magic.
c:\iecode\data\common\text\event\ev17_00170_map.cfg.bin: Invalid cfg.bin footer magic.
c:\iecode\data\common\text\event\ev17_00750_map.cfg.bin: Invalid cfg.bin footer magic.
c:\iecode\data\common\text\event\ev17_01090_map.cfg.bin: Invalid cfg.bin footer magic.
c:\iecode\data\common\text\event\ev21_11360_map.cfg.bin: Invalid cfg.bin footer magic.
c:\iecode\data\common\text\event\ev21_12220_map.cfg.bin: Invalid cfg.bin footer magic.
c:\iecode\data\common\text\event\ev22_08320_map.cfg.bin: Invalid cfg.bin footer magic.
c:\iecode\data\common\text\event\ev22_10320_map.cfg.bin: Invalid cfg.bin footer magic.
c:\iecode\data\common\text\event\ev22_10330_map.cfg.bin: Invalid cfg.bin footer magic.
c:\iecode\data\common\text\event\ev22_10340_map.cfg.bin: Invalid cfg.bin footer magic.
c:\iecode\data\common\text\event\ev23_17222_map.cfg.bin: Invalid cfg.bin footer magic.
c:\iecode\data\common\text\event\ev24_10300_map.cfg.bin: Invalid cfg.bin footer magic.
c:\iecode\data\common\text\event\ev24_14300_map.cfg.bin: Invalid cfg.bin footer magic.
c:\iecode\data\common\text\event\ev24_15220_map.cfg.bin: Invalid cfg.bin footer magic.
c:\iecode\data\common\text\event\ev25_11320_map.cfg.bin: Invalid cfg.bin footer magic.
c:\iecode\data\common\text\event\ev25_27300_map.cfg.bin: Invalid cfg.bin footer magic.
c:\iecode\data\common\text\event\ev25_29202_map.cfg.bin: Invalid cfg.bin footer magic.
c:\iecode\data\common\text\event\ev26_03221_map.cfg.bin: Invalid cfg.bin footer magic.
c:\iecode\data\common\text\event\ev73_00170_map.cfg.bin: Invalid cfg.bin footer magic.
c:\iecode\data\common\text\de\event\ev40_12100.cfg.bin: Invalid cfg.bin footer magic.
c:\iecode\data\common\text\en\event\ev26_02220.cfg.bin: Invalid cfg.bin footer magic.
c:\iecode\data\common\text\zh_hans\event\ev24_09310.cfg.bin: Invalid cfg.bin footer magic.
c:\iecode\data\common\text\en\event\ev26_14282.cfg.bin: Invalid cfg.bin footer magic.
c:\iecode\data\common\text\en\event\ev40_13130.cfg.bin: Invalid cfg.bin footer magic.
c:\iecode\data\common\text\es\event\ev25_19202.cfg.bin: Invalid cfg.bin footer magic.
c:\iecode\data\common\text\de\event\ev04_01600.cfg.bin: Invalid cfg.bin footer magic.
c:\iecode\data\common\text\en\event\ev21_01010.cfg.bin: Invalid cfg.bin footer magic.
c:\iecode\data\common\text\fr\event\ev01_00900.cfg.bin: Invalid cfg.bin footer magic.
c:\iecode\data\common\text\ja\event\ev73_00100.cfg.bin: Invalid cfg.bin footer magic.
c:\iecode\data\common\text\pt\event\ev22_05202.cfg.bin: Invalid cfg.bin footer magic.
c:\iecode\data\common\text\de\event\ev00_00300.cfg.bin: Invalid cfg.bin footer magic.
c:\iecode\data\common\text\en\event\ev23_01330.cfg.bin: Invalid cfg.bin footer magic.
c:\iecode\data\common\text\en\event\ev25_03200.cfg.bin: Invalid cfg.bin footer magic.
c:\iecode\data\common\text\fr\event\ev74_01060.cfg.bin: Invalid cfg.bin footer magic.
c:\iecode\data\common\text\ja\event\ev73_00210.cfg.bin: Invalid cfg.bin footer magic.
c:\iecode\data\common\text\zh_hant\event\ev00_00300.cfg.bin: Invalid cfg.bin footer magic.
c:\iecode\data\common\text\de\event\ev22_20200.cfg.bin: Invalid cfg.bin footer magic.
c:\iecode\data\common\text\zh_hans\event\ev26_01260.cfg.bin: Invalid cfg.bin footer magic.
c:\iecode\data\common\text\event\ev16_00630_map.cfg.bin: Invalid cfg.bin footer magic.
c:\iecode\data\common\text\event\ev22_06210_map.cfg.bin: Invalid cfg.bin footer magic.
c:\iecode\data\common\text\event\ev26_03220_map.cfg.bin: Invalid cfg.bin footer magic.
c:\iecode\data\common\text\event\ev40_05030_map.cfg.bin: Invalid cfg.bin footer magic.
c:\iecode\data\common\text\event\ev40_05070_map.cfg.bin: Invalid cfg.bin footer magic.
c:\iecode\data\common\text\event\ev40_10080_map.cfg.bin: Invalid cfg.bin footer magic.
c:\iecode\data\common\text\zh_hans\event\ev09_04105.cfg.bin: Invalid cfg.bin footer magic.
c:\iecode\data\common\text\de\event\ev02_00770.cfg.bin: Invalid cfg.bin footer magic.
c:\iecode\data\common\text\de\event\ev24_21220.cfg.bin: Invalid cfg.bin footer magic.
c:\iecode\data\common\text\es\event\ev23_06202.cfg.bin: Invalid cfg.bin footer magic.
c:\iecode\data\common\text\zh_hans\event\ev26_04200.cfg.bin: Invalid cfg.bin footer magic.
c:\iecode\data\common\text\zh_hans\event\ev23_06212.cfg.bin: Invalid cfg.bin footer magic.
c:\iecode\data\common\text\event\ev70_91110_map.cfg.bin: Invalid cfg.bin footer magic.
c:\iecode\data\common\text\event\ev23_14200_map.cfg.bin: Invalid cfg.bin footer magic.
c:\iecode\data\common\text\zh_hans\event\ev21_06212.cfg.bin: Invalid cfg.bin footer magic.
c:\iecode\data\common\text\ja\event\ev40_14090.cfg.bin: Invalid cfg.bin footer magic.
c:\iecode\data\common\text\en\event\ev23_04200.cfg.bin: Invalid cfg.bin footer magic.
c:\iecode\data\common\text\event\ev16_00600_map.cfg.bin: Invalid cfg.bin footer magic.
c:\iecode\data\common\text\event\ev08_06300_map.cfg.bin: Invalid cfg.bin footer magic.
c:\iecode\data\common\text\en\event\ev23_08310.cfg.bin: Invalid cfg.bin footer magic.
c:\iecode\data\common\text\ja\event\ev22_14330.cfg.bin: Invalid cfg.bin footer magic.
c:\iecode\data\common\text\event\ev70_51700_map.cfg.bin: Invalid cfg.bin footer magic.
c:\iecode\data\common\text\event\ev70_75900_map.cfg.bin: Invalid cfg.bin footer magic.
c:\iecode\data\common\text\event\ev70_91180_map.cfg.bin: Invalid cfg.bin footer magic.
c:\iecode\data\common\text\event\ev25_18214_map.cfg.bin: Invalid cfg.bin footer magic.
c:\iecode\data\common\text\event\ev70_40900_map.cfg.bin: Invalid cfg.bin footer magic.
c:\iecode\data\common\text\event\ev70_38200_map.cfg.bin: Invalid cfg.bin footer magic.
c:\iecode\data\common\text\event\ev70_82900_map.cfg.bin: Invalid cfg.bin footer magic.
c:\iecode\data\common\text\event\ev70_77400_map.cfg.bin: Invalid cfg.bin footer magic.
c:\iecode\data\common\text\en\event\ev23_05210.cfg.bin: Invalid cfg.bin footer magic.
c:\iecode\data\common\text\fr\event\ev22_19162.cfg.bin: Invalid cfg.bin footer magic.
c:\iecode\data\common\text\event\ev25_15700_map.cfg.bin: Invalid cfg.bin footer magic.
c:\iecode\data\common\text\event\ev44_30100_map.cfg.bin: Invalid cfg.bin footer magic.
c:\iecode\data\common\text\event\ev21_02000_map.cfg.bin: Invalid cfg.bin footer magic.
c:\iecode\data\common\text\event\ev70_91050_map.cfg.bin: Invalid cfg.bin footer magic.
c:\iecode\data\common\text\event\ev70_91170_map.cfg.bin: Invalid cfg.bin footer magic.
c:\iecode\data\common\text\event\ev02_01200_map.cfg.bin: Invalid cfg.bin footer magic.
c:\iecode\data\common\text\event\ev29_60200_map.cfg.bin: Invalid cfg.bin footer magic.
c:\iecode\data\common\text\event\ev08_01115_map.cfg.bin: Invalid cfg.bin footer magic.
c:\iecode\data\common\text\event\ev70_24000_map.cfg.bin: Invalid cfg.bin footer magic.
c:\iecode\data\common\text\event\ev16_00650_map.cfg.bin: Invalid cfg.bin footer magic.
c:\iecode\data\common\text\event\ev16_00800_map.cfg.bin: Invalid cfg.bin footer magic.
c:\iecode\data\common\text\event\ev21_05000_map.cfg.bin: Invalid cfg.bin footer magic.
c:\iecode\data\common\text\de\event\ev24_19230.cfg.bin: Invalid cfg.bin footer magic.
c:\iecode\data\common\text\de\event\ev01_04400.cfg.bin: Invalid cfg.bin footer magic.
c:\iecode\data\common\text\fr\event\ev24_08310.cfg.bin: Invalid cfg.bin footer magic.
c:\iecode\data\common\text\de\event\ev25_24202.cfg.bin: Invalid cfg.bin footer magic.
c:\iecode\data\common\text\event\ev09_03700_map.cfg.bin: Invalid cfg.bin footer magic.
c:\iecode\data\common\text\event\ev26_03222_map.cfg.bin: Invalid cfg.bin footer magic.
c:\iecode\data\common\text\de\event\ev16_00002.cfg.bin: Invalid cfg.bin footer magic.
c:\iecode\data\common\text\event\ev21_12210_map.cfg.bin: Invalid cfg.bin footer magic.
c:\iecode\data\common\text\de\event\ev22_19212.cfg.bin: Invalid cfg.bin footer magic.
c:\iecode\data\common\text\es\event\ev04_04600.cfg.bin: Invalid cfg.bin footer magic.
c:\iecode\data\common\text\event\ev22_20100_map.cfg.bin: Invalid cfg.bin footer magic.
c:\iecode\data\common\text\ja\event\ev02_01200.cfg.bin: Invalid cfg.bin footer magic.
c:\iecode\data\common\text\event\ev01_02200_map.cfg.bin: Invalid cfg.bin footer magic.
c:\iecode\data\common\text\en\event\ev25_21230.cfg.bin: Invalid cfg.bin footer magic.
c:\iecode\data\common\text\event\ev05_02300_map.cfg.bin: Invalid cfg.bin footer magic.
c:\iecode\data\common\text\event\ev06_00100_map.cfg.bin: Invalid cfg.bin footer magic.
c:\iecode\data\common\text\de\event\ev24_02100.cfg.bin: Invalid cfg.bin footer magic.
c:\iecode\data\common\text\de\event\ev21_09100.cfg.bin: Invalid cfg.bin footer magic.
c:\iecode\data\common\text\zh_hans\event\ev26_02224.cfg.bin: Invalid cfg.bin footer magic.
c:\iecode\data\common\text\fr\event\ev24_07000.cfg.bin: Invalid cfg.bin footer magic.
c:\iecode\data\common\text\ja\event\ev23_16100.cfg.bin: Invalid cfg.bin footer magic.
c:\iecode\data\common\text\zh_hans\event\ev26_03222.cfg.bin: Invalid cfg.bin footer magic.
c:\iecode\data\common\text\common\common_talk_text_map.cfg.bin: Invalid cfg.bin footer magic.
c:\iecode\data\common\text\fr\event\ev25_13210.cfg.bin: Invalid cfg.bin footer magic.
c:\iecode\data\common\text\de\event\ev21_08212.cfg.bin: Invalid cfg.bin footer magic.
c:\iecode\data\common\text\en\event\ev25_05100.cfg.bin: Invalid cfg.bin footer magic.
c:\iecode\data\common\text\ja\event\ev25_21000.cfg.bin: Invalid cfg.bin footer magic.
c:\iecode\data\common\text\it\event\ev27_07000.cfg.bin: Invalid cfg.bin footer magic.
c:\iecode\data\common\text\en\event\ev20_00550.cfg.bin: Invalid cfg.bin footer magic.
c:\iecode\data\common\text\ja\event\ev06_04200.cfg.bin: Invalid cfg.bin footer magic.
c:\iecode\data\common\text\zh_hant\dictionary_text.cfg.bin: Invalid cfg.bin footer magic.
c:\iecode\data\common\text\zh_hans\help_list_text.cfg.bin: Invalid cfg.bin footer magic.
c:\iecode\data\common\text\de\rpg_battle_cmd_text.cfg.bin: Invalid cfg.bin footer magic.
c:\iecode\data\common\text\de\chara_text.cfg.bin: Invalid cfg.bin footer magic.
c:\iecode\data\common\text\zh_hans\chara_text_roma.cfg.bin: Invalid cfg.bin footer magic.
